This is pdfTeX, Version 3.14159265-2.6-1.40.19 (TeX Live 2018) (preloaded format=pdflatex 2018.5.12)  29 MAY 2018 14:30
entering extended mode
 restricted \write18 enabled.
 %&-line parsing enabled.
**Master.tex
(./Master.tex
LaTeX2e <2018-04-01> patch level 4
(/usr/local/texlive/2018/texmf-dist/tex/latex/koma-script/scrbook.cls
Document Class: scrbook 2018/03/30 v3.25 KOMA-Script document class (book)
(/usr/local/texlive/2018/texmf-dist/tex/latex/koma-script/scrkbase.sty
Package: scrkbase 2018/03/30 v3.25 KOMA-Script package (KOMA-Script-dependent b
asics and keyval usage)

(/usr/local/texlive/2018/texmf-dist/tex/latex/koma-script/scrbase.sty
Package: scrbase 2018/03/30 v3.25 KOMA-Script package (KOMA-Script-independent 
basics and keyval usage)

(/usr/local/texlive/2018/texmf-dist/tex/latex/graphics/keyval.sty
Package: keyval 2014/10/28 v1.15 key=value parser (DPC)
\KV@toks@=\toks14
)
(/usr/local/texlive/2018/texmf-dist/tex/latex/koma-script/scrlfile.sty
Package: scrlfile 2018/03/30 v3.25 KOMA-Script package (loading files)
)))
(/usr/local/texlive/2018/texmf-dist/tex/latex/koma-script/tocbasic.sty
Package: tocbasic 2018/03/30 v3.25 KOMA-Script package (handling toc-files)
\scr@dte@tocline@numberwidth=\skip41
\scr@dte@tocline@numbox=\box26
)
Package tocbasic Info: omitting babel extension for `toc'
(tocbasic)             because of feature `nobabel' available
(tocbasic)             for `toc' on input line 136.
Package tocbasic Info: defining new hook before heading of `' on input line 166
3.
Package scrbook Info: You've used standard option `11pt'.
(scrbook)             This is correct!
(scrbook)             Internally I'm using `fontsize=11pt'.
(scrbook)             If you'd like to set the option with \KOMAoptions,
(scrbook)             you'd have to use `fontsize=11pt' there
(scrbook)             instead of `11pt', too.
Class scrbook Info: File `scrsize11pt.clo' used to setup font sizes on input li
ne 2331.

(/usr/local/texlive/2018/texmf-dist/tex/latex/koma-script/scrsize11pt.clo
File: scrsize11pt.clo 2018/03/30 v3.25 KOMA-Script font size class option (11pt
)
)
(/usr/local/texlive/2018/texmf-dist/tex/latex/koma-script/typearea.sty
Package: typearea 2018/03/30 v3.25 KOMA-Script package (type area)
\ta@bcor=\skip42
\ta@div=\count80
\ta@hblk=\skip43
\ta@vblk=\skip44
\ta@temp=\skip45
\footheight=\skip46
Package typearea Info: These are the values describing the layout:
(typearea)             DIV  = 10
(typearea)             BCOR = 0.0pt
(typearea)             \paperwidth      = 597.50793pt
(typearea)              \textwidth      = 418.25555pt
(typearea)              DIV departure   = -6%
(typearea)              \evensidemargin = 47.2316pt
(typearea)              \oddsidemargin  = -12.5192pt
(typearea)             \paperheight     = 845.04694pt
(typearea)              \textheight     = 595.80026pt
(typearea)              \topmargin      = -25.16531pt
(typearea)              \headheight     = 17.0pt
(typearea)              \headsep        = 20.40001pt
(typearea)              \topskip        = 11.0pt
(typearea)              \footskip       = 47.6pt
(typearea)              \baselineskip   = 13.6pt
(typearea)              on input line 1706.
)
\c@part=\count81
\c@chapter=\count82
\c@section=\count83
\c@subsection=\count84
\c@subsubsection=\count85
\c@paragraph=\count86
\c@subparagraph=\count87
\scr@dte@part@maxnumwidth=\skip47
\scr@dte@chapter@maxnumwidth=\skip48
\scr@dte@section@maxnumwidth=\skip49
\scr@dte@subsection@maxnumwidth=\skip50
\scr@dte@subsubsection@maxnumwidth=\skip51
\scr@dte@paragraph@maxnumwidth=\skip52
\scr@dte@subparagraph@maxnumwidth=\skip53
\abovecaptionskip=\skip54
\belowcaptionskip=\skip55
\c@pti@nb@sid@b@x=\box27
\scr@dte@figure@maxnumwidth=\skip56
Package tocbasic Info: omitting babel extension for `lof'
(tocbasic)             because of feature `nobabel' available
(tocbasic)             for `lof' on input line 6251.
\c@figure=\count88
\scr@dte@table@maxnumwidth=\skip57
Package tocbasic Info: omitting babel extension for `lot'
(tocbasic)             because of feature `nobabel' available
(tocbasic)             for `lot' on input line 6272.
\c@table=\count89
Class scrbook Info: Redefining `\numberline' on input line 6445.
\bibindent=\dimen102
)
(/usr/local/texlive/2018/texmf-dist/tex/latex/graphics/graphicx.sty
Package: graphicx 2017/06/01 v1.1a Enhanced LaTeX Graphics (DPC,SPQR)

(/usr/local/texlive/2018/texmf-dist/tex/latex/graphics/graphics.sty
Package: graphics 2017/06/25 v1.2c Standard LaTeX Graphics (DPC,SPQR)

(/usr/local/texlive/2018/texmf-dist/tex/latex/graphics/trig.sty
Package: trig 2016/01/03 v1.10 sin cos tan (DPC)
)
(/usr/local/texlive/2018/texmf-dist/tex/latex/graphics-cfg/graphics.cfg
File: graphics.cfg 2016/06/04 v1.11 sample graphics configuration
)
Package graphics Info: Driver file: pdftex.def on input line 99.

(/usr/local/texlive/2018/texmf-dist/tex/latex/graphics-def/pdftex.def
File: pdftex.def 2018/01/08 v1.0l Graphics/color driver for pdftex
))
\Gin@req@height=\dimen103
\Gin@req@width=\dimen104
)
(/usr/local/texlive/2018/texmf-dist/tex/latex/graphics/color.sty
Package: color 2016/07/10 v1.1e Standard LaTeX Color (DPC)

(/usr/local/texlive/2018/texmf-dist/tex/latex/graphics-cfg/color.cfg
File: color.cfg 2016/01/02 v1.6 sample color configuration
)
Package color Info: Driver file: pdftex.def on input line 147.
)
(/usr/local/texlive/2018/texmf-dist/tex/latex/framed/framed.sty
Package: framed 2011/10/22 v 0.96: framed or shaded text with page breaks
\OuterFrameSep=\skip58
\fb@frw=\dimen105
\fb@frh=\dimen106
\FrameRule=\dimen107
\FrameSep=\dimen108
)
(/usr/local/texlive/2018/texmf-dist/tex/latex/base/alltt.sty
Package: alltt 1997/06/16 v2.0g defines alltt environment
)
(/usr/local/texlive/2018/texmf-dist/tex/latex/hyperref/hyperref.sty
Package: hyperref 2018/02/06 v6.86b Hypertext links for LaTeX

(/usr/local/texlive/2018/texmf-dist/tex/generic/oberdiek/hobsub-hyperref.sty
Package: hobsub-hyperref 2016/05/16 v1.14 Bundle oberdiek, subset hyperref (HO)


(/usr/local/texlive/2018/texmf-dist/tex/generic/oberdiek/hobsub-generic.sty
Package: hobsub-generic 2016/05/16 v1.14 Bundle oberdiek, subset generic (HO)
Package: hobsub 2016/05/16 v1.14 Construct package bundles (HO)
Package: infwarerr 2016/05/16 v1.4 Providing info/warning/error messages (HO)
Package: ltxcmds 2016/05/16 v1.23 LaTeX kernel commands for general use (HO)
Package: ifluatex 2016/05/16 v1.4 Provides the ifluatex switch (HO)
Package ifluatex Info: LuaTeX not detected.
Package: ifvtex 2016/05/16 v1.6 Detect VTeX and its facilities (HO)
Package ifvtex Info: VTeX not detected.
Package: intcalc 2016/05/16 v1.2 Expandable calculations with integers (HO)
Package: ifpdf 2017/03/15 v3.2 Provides the ifpdf switch
Package: etexcmds 2016/05/16 v1.6 Avoid name clashes with e-TeX commands (HO)
Package etexcmds Info: Could not find \expanded.
(etexcmds)             That can mean that you are not using pdfTeX 1.50 or
(etexcmds)             that some package has redefined \expanded.
(etexcmds)             In the latter case, load this package earlier.
Package: kvsetkeys 2016/05/16 v1.17 Key value parser (HO)
Package: kvdefinekeys 2016/05/16 v1.4 Define keys (HO)
Package: pdftexcmds 2018/01/30 v0.27 Utility functions of pdfTeX for LuaTeX (HO
)
Package pdftexcmds Info: LuaTeX not detected.
Package pdftexcmds Info: \pdf@primitive is available.
Package pdftexcmds Info: \pdf@ifprimitive is available.
Package pdftexcmds Info: \pdfdraftmode found.
Package: pdfescape 2016/05/16 v1.14 Implements pdfTeX's escape features (HO)
Package: bigintcalc 2016/05/16 v1.4 Expandable calculations on big integers (HO
)
Package: bitset 2016/05/16 v1.2 Handle bit-vector datatype (HO)
Package: uniquecounter 2016/05/16 v1.3 Provide unlimited unique counter (HO)
)
Package hobsub Info: Skipping package `hobsub' (already loaded).
Package: letltxmacro 2016/05/16 v1.5 Let assignment for LaTeX macros (HO)
Package: hopatch 2016/05/16 v1.3 Wrapper for package hooks (HO)
Package: xcolor-patch 2016/05/16 xcolor patch
Package: atveryend 2016/05/16 v1.9 Hooks at the very end of document (HO)
Package atveryend Info: \enddocument detected (standard20110627).
Package: atbegshi 2016/06/09 v1.18 At begin shipout hook (HO)
Package: refcount 2016/05/16 v3.5 Data extraction from label references (HO)
Package: hycolor 2016/05/16 v1.8 Color options for hyperref/bookmark (HO)
)
(/usr/local/texlive/2018/texmf-dist/tex/generic/ifxetex/ifxetex.sty
Package: ifxetex 2010/09/12 v0.6 Provides ifxetex conditional
)
(/usr/local/texlive/2018/texmf-dist/tex/latex/oberdiek/auxhook.sty
Package: auxhook 2016/05/16 v1.4 Hooks for auxiliary files (HO)
)
(/usr/local/texlive/2018/texmf-dist/tex/latex/oberdiek/kvoptions.sty
Package: kvoptions 2016/05/16 v3.12 Key value format for package options (HO)
)
\@linkdim=\dimen109
\Hy@linkcounter=\count90
\Hy@pagecounter=\count91

(/usr/local/texlive/2018/texmf-dist/tex/latex/hyperref/pd1enc.def
File: pd1enc.def 2018/02/06 v6.86b Hyperref: PDFDocEncoding definition (HO)
Now handling font encoding PD1 ...
... no UTF-8 mapping file for font encoding PD1
)
\Hy@SavedSpaceFactor=\count92

(/usr/local/texlive/2018/texmf-dist/tex/latex/latexconfig/hyperref.cfg
File: hyperref.cfg 2002/06/06 v1.2 hyperref configuration of TeXLive
)
Package hyperref Info: Option `colorlinks' set `true' on input line 4383.
Package hyperref Info: Hyper figures OFF on input line 4509.
Package hyperref Info: Link nesting OFF on input line 4514.
Package hyperref Info: Hyper index ON on input line 4517.
Package hyperref Info: Plain pages OFF on input line 4524.
Package hyperref Info: Backreferencing OFF on input line 4529.
Package hyperref Info: Implicit mode ON; LaTeX internals redefined.
Package hyperref Info: Bookmarks ON on input line 4762.
\c@Hy@tempcnt=\count93

(/usr/local/texlive/2018/texmf-dist/tex/latex/url/url.sty
\Urlmuskip=\muskip10
Package: url 2013/09/16  ver 3.4  Verb mode for urls, etc.
)
LaTeX Info: Redefining \url on input line 5115.
\XeTeXLinkMargin=\dimen110
\Fld@menulength=\count94
\Field@Width=\dimen111
\Fld@charsize=\dimen112
Package hyperref Info: Hyper figures OFF on input line 6369.
Package hyperref Info: Link nesting OFF on input line 6374.
Package hyperref Info: Hyper index ON on input line 6377.
Package hyperref Info: backreferencing OFF on input line 6384.
Package hyperref Info: Link coloring ON on input line 6387.
Package hyperref Info: Link coloring with OCG OFF on input line 6394.
Package hyperref Info: PDF/A mode OFF on input line 6399.
LaTeX Info: Redefining \ref on input line 6439.
LaTeX Info: Redefining \pageref on input line 6443.
\Hy@abspage=\count95
\c@Item=\count96
\c@Hfootnote=\count97
)
Package hyperref Info: Driver (autodetected): hpdftex.

(/usr/local/texlive/2018/texmf-dist/tex/latex/hyperref/hpdftex.def
File: hpdftex.def 2018/02/06 v6.86b Hyperref driver for pdfTeX
\Fld@listcount=\count98
\c@bookmark@seq@number=\count99

(/usr/local/texlive/2018/texmf-dist/tex/latex/oberdiek/rerunfilecheck.sty
Package: rerunfilecheck 2016/05/16 v1.8 Rerun checks for auxiliary files (HO)
Package uniquecounter Info: New unique counter `rerunfilecheck' on input line 2
82.
)
\Hy@SectionHShift=\skip59
)
(/usr/local/texlive/2018/texmf-dist/tex/latex/geometry/geometry.sty
Package: geometry 2018/04/16 v5.8 Page Geometry
\Gm@cnth=\count100
\Gm@cntv=\count101
\c@Gm@tempcnt=\count102
\Gm@bindingoffset=\dimen113
\Gm@wd@mp=\dimen114
\Gm@odd@mp=\dimen115
\Gm@even@mp=\dimen116
\Gm@layoutwidth=\dimen117
\Gm@layoutheight=\dimen118
\Gm@layouthoffset=\dimen119
\Gm@layoutvoffset=\dimen120
\Gm@dimlist=\toks15
)
(/usr/local/texlive/2018/texmf-dist/tex/latex/pict2e/pict2e.sty
Package: pict2e 2016/02/05 v0.3b Improved picture commands (HjG,RN,JT)

(/usr/local/texlive/2018/texmf-dist/tex/latex/pict2e/pict2e.cfg
File: pict2e.cfg 2016/02/05 v0.1u pict2e configuration for teTeX/TeXLive
)
Package pict2e Info: Driver file: pdftex.def on input line 119.
Package pict2e Info: Driver file for pict2e: p2e-pdftex.def on input line 121.

(/usr/local/texlive/2018/texmf-dist/tex/latex/pict2e/p2e-pdftex.def
File: p2e-pdftex.def 2016/02/05 v0.1u Driver-dependant file (RN,HjG,JT)
)
\pIIe@GRAPH=\toks16
\@arclen=\dimen121
\@arcrad=\dimen122
\@tempdimd=\dimen123
)
(/usr/local/texlive/2018/texmf-dist/tex/generic/babel/babel.sty
Package: babel 2018/05/10 3.21 The Babel package

(/usr/local/texlive/2018/texmf-dist/tex/generic/babel/switch.def
File: switch.def 2018/05/10 3.21 Babel switching mechanism
)
(/usr/local/texlive/2018/texmf-dist/tex/generic/babel-english/english.ldf
Language: english 2017/06/06 v3.3r English support from the babel system

(/usr/local/texlive/2018/texmf-dist/tex/generic/babel/babel.def
File: babel.def 2018/05/10 3.21 Babel common definitions
\babel@savecnt=\count103
\U@D=\dimen124

(/usr/local/texlive/2018/texmf-dist/tex/generic/babel/txtbabel.def)
\bbl@dirlevel=\count104
)
\l@canadian = a dialect from \language\l@american 
\l@australian = a dialect from \language\l@british 
\l@newzealand = a dialect from \language\l@british 
))
(/usr/local/texlive/2018/texmf-dist/tex/latex/amsfonts/amssymb.sty
Package: amssymb 2013/01/14 v3.01 AMS font symbols

(/usr/local/texlive/2018/texmf-dist/tex/latex/amsfonts/amsfonts.sty
Package: amsfonts 2013/01/14 v3.01 Basic AMSFonts support
\@emptytoks=\toks17
\symAMSa=\mathgroup4
\symAMSb=\mathgroup5
LaTeX Font Info:    Overwriting math alphabet `\mathfrak' in version `bold'
(Font)                  U/euf/m/n --> U/euf/b/n on input line 106.
))
(/usr/local/texlive/2018/texmf-dist/tex/latex/amsmath/amsmath.sty
Package: amsmath 2017/09/02 v2.17a AMS math features
\@mathmargin=\skip60

For additional information on amsmath, use the `?' option.
(/usr/local/texlive/2018/texmf-dist/tex/latex/amsmath/amstext.sty
Package: amstext 2000/06/29 v2.01 AMS text

(/usr/local/texlive/2018/texmf-dist/tex/latex/amsmath/amsgen.sty
File: amsgen.sty 1999/11/30 v2.0 generic functions
\@emptytoks=\toks18
\ex@=\dimen125
))
(/usr/local/texlive/2018/texmf-dist/tex/latex/amsmath/amsbsy.sty
Package: amsbsy 1999/11/29 v1.2d Bold Symbols
\pmbraise@=\dimen126
)
(/usr/local/texlive/2018/texmf-dist/tex/latex/amsmath/amsopn.sty
Package: amsopn 2016/03/08 v2.02 operator names
)
\inf@bad=\count105
LaTeX Info: Redefining \frac on input line 213.
\uproot@=\count106
\leftroot@=\count107
LaTeX Info: Redefining \overline on input line 375.
\classnum@=\count108
\DOTSCASE@=\count109
LaTeX Info: Redefining \ldots on input line 472.
LaTeX Info: Redefining \dots on input line 475.
LaTeX Info: Redefining \cdots on input line 596.
\Mathstrutbox@=\box28
\strutbox@=\box29
\big@size=\dimen127
LaTeX Font Info:    Redeclaring font encoding OML on input line 712.
LaTeX Font Info:    Redeclaring font encoding OMS on input line 713.
\macc@depth=\count110
\c@MaxMatrixCols=\count111
\dotsspace@=\muskip11
\c@parentequation=\count112
\dspbrk@lvl=\count113
\tag@help=\toks19
\row@=\count114
\column@=\count115
\maxfields@=\count116
\andhelp@=\toks20
\eqnshift@=\dimen128
\alignsep@=\dimen129
\tagshift@=\dimen130
\tagwidth@=\dimen131
\totwidth@=\dimen132
\lineht@=\dimen133
\@envbody=\toks21
\multlinegap=\skip61
\multlinetaggap=\skip62
\mathdisplay@stack=\toks22
LaTeX Info: Redefining \[ on input line 2817.
LaTeX Info: Redefining \] on input line 2818.
)
(/usr/local/texlive/2018/texmf-dist/tex/latex/oberdiek/epstopdf.sty
Package: epstopdf 2016/05/15 v2.6 Conversion with epstopdf on the fly (HO)

(/usr/local/texlive/2018/texmf-dist/tex/latex/oberdiek/epstopdf-base.sty
Package: epstopdf-base 2016/05/15 v2.6 Base part for package epstopdf

(/usr/local/texlive/2018/texmf-dist/tex/latex/oberdiek/grfext.sty
Package: grfext 2016/05/16 v1.2 Manage graphics extensions (HO)
)
Package epstopdf-base Info: Redefining graphics rule for `.eps' on input line 4
38.
Package grfext Info: Graphics extension search list:
(grfext)             [.pdf,.png,.jpg,.mps,.jpeg,.jbig2,.jb2,.PDF,.PNG,.JPG,.JPE
G,.JBIG2,.JB2,.eps]
(grfext)             \AppendGraphicsExtensions on input line 456.

(/usr/local/texlive/2018/texmf-dist/tex/latex/latexconfig/epstopdf-sys.cfg
File: epstopdf-sys.cfg 2010/07/13 v1.3 Configuration of (r)epstopdf for TeX Liv
e
)))
(/usr/local/texlive/2018/texmf-dist/tex/latex/exsol/exsol.sty
Package: exsol 2016/05/13 v1.2 ExSol - Exercises and Solutions package (DMW)

(/usr/local/texlive/2018/texmf-dist/tex/latex/ifmtarg/ifmtarg.sty
Package: ifmtarg 2018/04/16 v1.2b check for an empty argument
)
(/usr/local/texlive/2018/texmf-dist/tex/latex/fancyvrb/fancyvrb.sty
Package: fancyvrb 2008/02/07

Style option: `fancyvrb' v2.7a, with DG/SPQR fixes, and firstline=lastline fix 
<2008/02/07> (tvz)
\FV@CodeLineNo=\count117
\FV@InFile=\read1
\FV@TabBox=\box30
\c@FancyVerbLine=\count118
\FV@StepNumber=\count119
\FV@OutFile=\write3
)
(/usr/local/texlive/2018/texmf-dist/tex/latex/base/ifthen.sty
Package: ifthen 2014/09/29 v1.1c Standard LaTeX ifthen package (DPC)
)
(/usr/local/texlive/2018/texmf-dist/tex/latex/tools/multicol.sty
Package: multicol 2018/04/20 v1.8s multicolumn formatting (FMi)
\c@tracingmulticols=\count120
\mult@box=\box31
\multicol@leftmargin=\dimen134
\c@unbalance=\count121
\c@collectmore=\count122
\doublecol@number=\count123
\multicoltolerance=\count124
\multicolpretolerance=\count125
\full@width=\dimen135
\page@free=\dimen136
\premulticols=\dimen137
\postmulticols=\dimen138
\multicolsep=\skip63
\multicolbaselineskip=\skip64
\partial@page=\box32
\last@line=\box33
\maxbalancingoverflow=\dimen139
\mult@rightbox=\box34
\mult@grightbox=\box35
\mult@gfirstbox=\box36
\mult@firstbox=\box37
\@tempa=\box38
\@tempa=\box39
\@tempa=\box40
\@tempa=\box41
\@tempa=\box42
\@tempa=\box43
\@tempa=\box44
\@tempa=\box45
\@tempa=\box46
\@tempa=\box47
\@tempa=\box48
\@tempa=\box49
\@tempa=\box50
\@tempa=\box51
\@tempa=\box52
\@tempa=\box53
\@tempa=\box54
\c@columnbadness=\count126
\c@finalcolumnbadness=\count127
\last@try=\dimen140
\multicolovershoot=\dimen141
\multicolundershoot=\dimen142
\mult@nat@firstbox=\box55
\colbreak@box=\box56
\mc@col@check@num=\count128
)
\exsolexercisesaboveskip=\skip65
\exsolexercisesbelowskip=\skip66
\exsolexercisetopbottomsep=\skip67
\exsolexerciseleftmargin=\skip68
\exsolexerciserightmargin=\skip69
\exsolexerciseparindent=\skip70
\exsolexerciselabelsep=\skip71
\exsolexerciselabelwidth=\skip72
\exsolexerciseitemindent=\skip73
\exsolexerciseparsep=\skip74
\c@exerciseseries=\count129
\c@exercise=\count130
)
(/usr/local/texlive/2018/texmf-dist/tex/latex/tools/verbatim.sty
Package: verbatim 2014/10/28 v1.5q LaTeX2e package for verbatim enhancements
\every@verbatim=\toks23
\verbatim@line=\toks24
\verbatim@in@stream=\read2
)
(/usr/local/texlive/2018/texmf-dist/tex/latex/changepage/changepage.sty
Package: changepage 2009/10/20 v1.0c check page and change page layout
\c@cp@cntr=\count131
\cp@tempcnt=\count132
)
(/usr/local/texlive/2018/texmf-dist/tex/latex/natbib/natbib.sty
Package: natbib 2010/09/13 8.31b (PWD, AO)
\bibhang=\skip75
\bibsep=\skip76
LaTeX Info: Redefining \cite on input line 694.
\c@NAT@ctr=\count133
)
(/usr/local/texlive/2018/texmf-dist/tex/latex/base/makeidx.sty
Package: makeidx 2014/09/29 v1.0m Standard LaTeX package
)
\@indexfile=\write4
\openout4 = `Master.idx'.


Writing index file Master.idx
(/usr/local/texlive/2018/texmf-dist/tex/latex/upquote/upquote.sty
Package: upquote 2012/04/19 v1.3 upright-quote and grave-accent glyphs in verba
tim
)
(./Master.aux)
\openout1 = `Master.aux'.

LaTeX Font Info:    Checking defaults for OML/cmm/m/it on input line 91.
LaTeX Font Info:    ... okay on input line 91.
LaTeX Font Info:    Checking defaults for T1/cmr/m/n on input line 91.
LaTeX Font Info:    ... okay on input line 91.
LaTeX Font Info:    Checking defaults for OT1/cmr/m/n on input line 91.
LaTeX Font Info:    ... okay on input line 91.
LaTeX Font Info:    Checking defaults for OMS/cmsy/m/n on input line 91.
LaTeX Font Info:    ... okay on input line 91.
LaTeX Font Info:    Checking defaults for OMX/cmex/m/n on input line 91.
LaTeX Font Info:    ... okay on input line 91.
LaTeX Font Info:    Checking defaults for U/cmr/m/n on input line 91.
LaTeX Font Info:    ... okay on input line 91.
LaTeX Font Info:    Checking defaults for PD1/pdf/m/n on input line 91.
LaTeX Font Info:    ... okay on input line 91.

(/usr/local/texlive/2018/texmf-dist/tex/context/base/mkii/supp-pdf.mkii
[Loading MPS to PDF converter (version 2006.09.02).]
\scratchcounter=\count134
\scratchdimen=\dimen143
\scratchbox=\box57
\nofMPsegments=\count135
\nofMParguments=\count136
\everyMPshowfont=\toks25
\MPscratchCnt=\count137
\MPscratchDim=\dimen144
\MPnumerator=\count138
\makeMPintoPDFobject=\count139
\everyMPtoPDFconversion=\toks26
)
\AtBeginShipoutBox=\box58
Package hyperref Info: Link coloring ON on input line 91.
 (/usr/local/texlive/2018/texmf-dist/tex/latex/hyperref/nameref.sty
Package: nameref 2016/05/21 v2.44 Cross-referencing by name of section

(/usr/local/texlive/2018/texmf-dist/tex/generic/oberdiek/gettitlestring.sty
Package: gettitlestring 2016/05/16 v1.5 Cleanup title references (HO)
)
\c@section@level=\count140
)
LaTeX Info: Redefining \ref on input line 91.
LaTeX Info: Redefining \pageref on input line 91.
LaTeX Info: Redefining \nameref on input line 91.

(./Master.out) (./Master.out)
\@outlinefile=\write5
\openout5 = `Master.out'.


*geometry* driver: auto-detecting
*geometry* detected driver: pdftex
*geometry* verbose mode - [ preamble ] result:
* driver: pdftex
* paper: letterpaper
* layout: <same size as paper>
* layoutoffset:(h,v)=(0.0pt,0.0pt)
* modes: twoside 
* h-part:(L,W,R)=(113.81102pt, 443.57848pt, 56.9055pt)
* v-part:(T,H,B)=(95.39737pt, 556.47656pt, 143.09605pt)
* \paperwidth=614.295pt
* \paperheight=794.96999pt
* \textwidth=443.57848pt
* \textheight=556.47656pt
* \oddsidemargin=41.54103pt
* \evensidemargin=-15.36449pt
* \topmargin=-14.27263pt
* \headheight=17.0pt
* \headsep=20.40001pt
* \topskip=11.0pt
* \footskip=47.6pt
* \marginparwidth=89.62619pt
* \marginparsep=12.8401pt
* \columnsep=10.0pt
* \skip\footins=10.0pt plus 4.0pt minus 2.0pt
* \hoffset=0.0pt
* \voffset=0.0pt
* \mag=1000
* \@twocolumnfalse
* \@twosidetrue
* \@mparswitchtrue
* \@reversemarginfalse
* (1in=72.27pt=25.4mm, 1cm=28.453pt)

Writing solutions to solution file Master.sol.tex
\solutionstream=\write6
\openout6 = `Master.sol.tex'.

Using intermediate exercise file Master.exc.tex
\exercisestream=\write7
Writing formulae to formula collection file Master.fc.tex
\formulacollectionstream=\write8
\openout8 = `Master.fc.tex'.

Using intermediate formula file Master.for.tex
\formulastream=\write9
LaTeX Font Info:    Try loading font information for U+msa on input line 94.
(/usr/local/texlive/2018/texmf-dist/tex/latex/amsfonts/umsa.fd
File: umsa.fd 2013/01/14 v3.01 AMS symbols A
)
LaTeX Font Info:    Try loading font information for U+msb on input line 94.

(/usr/local/texlive/2018/texmf-dist/tex/latex/amsfonts/umsb.fd
File: umsb.fd 2013/01/14 v3.01 AMS symbols B
) [1



{/usr/local/texlive/2018/texmf-var/fonts/map/pdftex/updmap/pdftex.map}] [2] (./
Master.toc
[3


] [4]
Overfull \hbox (1.095pt too wide) detected at line 183
 []\OT1/cmss/bx/n/10.95 107|
 []


Overfull \hbox (1.095pt too wide) detected at line 199
 []\OT1/cmss/bx/n/10.95 115|
 []

[5]
Overfull \hbox (1.095pt too wide) detected at line 218
 []\OT1/cmss/bx/n/10.95 127|
 []


Overfull \hbox (1.095pt too wide) detected at line 229
 []\OT1/cmss/bx/n/10.95 133|
 []


Overfull \hbox (1.095pt too wide) detected at line 240
 []\OT1/cmss/bx/n/10.95 139|
 []

)
\tf@toc=\write10
\openout10 = `Master.toc'.

 [6]
chapter 1.
LaTeX Font Info:    Try loading font information for OMS+cmr on input line 138.

(/usr/local/texlive/2018/texmf-dist/tex/latex/base/omscmr.fd
File: omscmr.fd 2014/09/29 v2.5h Standard LaTeX font definitions
)
LaTeX Font Info:    Font shape `OMS/cmr/m/n' in size <10.95> not available
(Font)              Font shape `OMS/cmsy/m/n' tried instead on input line 138.
 [7


] [8] [9]
<chapters/Chapter_1/ext_figure/zWheel_Science.png, id=673, 722.7pt x 542.025pt>

File: chapters/Chapter_1/ext_figure/zWheel_Science.png Graphic file (type png)
<use chapters/Chapter_1/ext_figure/zWheel_Science.png>
Package pdftex.def Info: chapters/Chapter_1/ext_figure/zWheel_Science.png  used
 on input line 202.
(pdftex.def)             Requested size: 221.78923pt x 166.33879pt.

[10 <./chapters/Chapter_1/ext_figure/zWheel_Science.png>] [11] [12] [13]
[14] [15]
\openout7 = `Master.exc.tex'.

 (./Master.exc.tex)
\openout7 = `Master.exc.tex'.

 (./Master.exc.tex)
\openout7 = `Master.exc.tex'.

 (./Master.exc.tex)
\openout7 = `Master.exc.tex'.


(./Master.exc.tex) [16

]
chapter 2.
[17



] [18] [19]
<chapters/Chapter_2/ext_figure/varType.png, id=755, 651.43375pt x 312.16624pt>
File: chapters/Chapter_2/ext_figure/varType.png Graphic file (type png)
<use chapters/Chapter_2/ext_figure/varType.png>
Package pdftex.def Info: chapters/Chapter_2/ext_figure/varType.png  used on inp
ut line 459.
(pdftex.def)             Requested size: 284.53438pt x 142.2645pt.
 [20 <./chapters/Chapter_2/ext_figure/varType.png>] [21] [22]
<figure/LBL2b-1.pdf, id=780, 296.10625pt x 303.1325pt>
File: figure/LBL2b-1.pdf Graphic file (type pdf)
<use figure/LBL2b-1.pdf>
Package pdftex.def Info: figure/LBL2b-1.pdf  used on input line 568.
(pdftex.def)             Requested size: 227.62204pt x 233.02884pt.
<figure/LBL2c-1.pdf, id=781, 296.10625pt x 303.1325pt>
File: figure/LBL2c-1.pdf Graphic file (type pdf)
<use figure/LBL2c-1.pdf>
Package pdftex.def Info: figure/LBL2c-1.pdf  used on input line 581.
(pdftex.def)             Requested size: 227.62204pt x 233.02884pt.

[23 <./figure/LBL2b-1.pdf>] [24 <./figure/LBL2c-1.pdf>] [25] [26] [27] [28]
<chapters/Chapter_2/ext_figure/dotchart.pdf, id=821, 614.295pt x 794.97pt>
File: chapters/Chapter_2/ext_figure/dotchart.pdf Graphic file (type pdf)
<use chapters/Chapter_2/ext_figure/dotchart.pdf>
Package pdftex.def Info: chapters/Chapter_2/ext_figure/dotchart.pdf  used on in
put line 785.
(pdftex.def)             Requested size: 312.9803pt x 405.04117pt.

[29 <./chapters/Chapter_2/ext_figure/dotchart.pdf>]
<figure/LBL2g-1.pdf, id=842, 296.10625pt x 303.1325pt>
File: figure/LBL2g-1.pdf Graphic file (type pdf)
<use figure/LBL2g-1.pdf>
Package pdftex.def Info: figure/LBL2g-1.pdf  used on input line 805.
(pdftex.def)             Requested size: 227.62204pt x 233.02884pt.
 [30 <./figure/LBL2g-1.pdf>]
<figure/LBL2h-1.pdf, id=853, 296.10625pt x 303.1325pt>
File: figure/LBL2h-1.pdf Graphic file (type pdf)
<use figure/LBL2h-1.pdf>
Package pdftex.def Info: figure/LBL2h-1.pdf  used on input line 826.
(pdftex.def)             Requested size: 256.0748pt x 262.15974pt.
[31 <./figure/LBL2h-1.pdf>]
<figure/LBL2l-1.pdf, id=872, 296.10625pt x 303.1325pt>
File: figure/LBL2l-1.pdf Graphic file (type pdf)
<use figure/LBL2l-1.pdf>
Package pdftex.def Info: figure/LBL2l-1.pdf  used on input line 919.
(pdftex.def)             Requested size: 113.81102pt x 116.50978pt.
 [32]
<figure/LBL2m-1.pdf, id=877, 296.10625pt x 303.1325pt>
File: figure/LBL2m-1.pdf Graphic file (type pdf)
<use figure/LBL2m-1.pdf>
Package pdftex.def Info: figure/LBL2m-1.pdf  used on input line 934.
(pdftex.def)             Requested size: 142.26378pt x 145.6407pt.
<figure/LBL2n-1.pdf, id=878, 296.10625pt x 303.1325pt>
File: figure/LBL2n-1.pdf Graphic file (type pdf)
<use figure/LBL2n-1.pdf>
Package pdftex.def Info: figure/LBL2n-1.pdf  used on input line 945.
(pdftex.def)             Requested size: 142.26378pt x 145.6407pt.
<figure/LBL2o-1.pdf, id=879, 296.10625pt x 303.1325pt>
File: figure/LBL2o-1.pdf Graphic file (type pdf)
<use figure/LBL2o-1.pdf>
Package pdftex.def Info: figure/LBL2o-1.pdf  used on input line 956.
(pdftex.def)             Requested size: 142.26378pt x 145.6407pt.
 [33 <./figure/LBL2l-1.pdf> <./figure/LBL2m-1.pdf> <./figure/LBL2n-1.pdf> <./fi
gure/LBL2o-1.pdf>]
\openout7 = `Master.exc.tex'.

 (./Master.exc.tex)
\openout7 = `Master.exc.tex'.


(./Master.exc.tex [34])
\openout7 = `Master.exc.tex'.

 (./Master.exc.tex
<chapters/Chapter_2/ext_figure/boxq7.png, id=930, 152.57pt x 102.3825pt>
File: chapters/Chapter_2/ext_figure/boxq7.png Graphic file (type png)
<use chapters/Chapter_2/ext_figure/boxq7.png>
Package pdftex.def Info: chapters/Chapter_2/ext_figure/boxq7.png  used on input
 line 11.
(pdftex.def)             Requested size: 83.0pt x 55.6997pt.
<chapters/Chapter_2/ext_figure/boxq7b.png, id=931, 152.57pt x 102.3825pt>
File: chapters/Chapter_2/ext_figure/boxq7b.png Graphic file (type png)
<use chapters/Chapter_2/ext_figure/boxq7b.png>
Package pdftex.def Info: chapters/Chapter_2/ext_figure/boxq7b.png  used on inpu
t line 17.
(pdftex.def)             Requested size: 83.0pt x 55.6997pt.
<chapters/Chapter_2/ext_figure/boxq7c.png, id=932, 152.57pt x 102.3825pt>
File: chapters/Chapter_2/ext_figure/boxq7c.png Graphic file (type png)
<use chapters/Chapter_2/ext_figure/boxq7c.png>
Package pdftex.def Info: chapters/Chapter_2/ext_figure/boxq7c.png  used on inpu
t line 23.
(pdftex.def)             Requested size: 83.0pt x 55.6997pt.
)
\openout7 = `Master.exc.tex'.

 (./Master.exc.tex [35 <./chapters/Chapter_2/ext_figure/boxq7.png> <./chapters/
Chapter_2/ext_figure/boxq7b.png> <./chapters/Chapter_2/ext_figure/boxq7c.png>])
 [36]
chapter 3.
[37


] [38] [39] [40] [41] [42] [43] [44]
\openout7 = `Master.exc.tex'.

 (./Master.exc.tex)
\openout7 = `Master.exc.tex'.

 (./Master.exc.tex)
\openout7 = `Master.exc.tex'.


(./Master.exc.tex)
\openout7 = `Master.exc.tex'.

 (./Master.exc.tex) [45

] [46



]
chapter 4.
[47] [48] [49] [50] [51]
\openout7 = `Master.exc.tex'.

 (./Master.exc.tex)
\openout7 = `Master.exc.tex'.

 (./Master.exc.tex)
\openout7 = `Master.exc.tex'.


(./Master.exc.tex) [52

]
chapter 5.
[53



] [54]
<chapters/Chapter_9/ext_figure/timeVsRx.png, id=1091, 448.67625pt x 372.39125pt
>
File: chapters/Chapter_9/ext_figure/timeVsRx.png Graphic file (type png)
<use chapters/Chapter_9/ext_figure/timeVsRx.png>
Package pdftex.def Info: chapters/Chapter_9/ext_figure/timeVsRx.png  used on in
put line 1963.
(pdftex.def)             Requested size: 184.9429pt x 153.49396pt.
 [55 <./chapters/Chapter_9/ext_figure/timeVsRx.png>]
<chapters/Chapter_9/ext_figure/placebo.png, id=1098, 102.1416pt x 50.1072pt>
File: chapters/Chapter_9/ext_figure/placebo.png Graphic file (type png)
<use chapters/Chapter_9/ext_figure/placebo.png>
Package pdftex.def Info: chapters/Chapter_9/ext_figure/placebo.png  used on inp
ut line 1975.
(pdftex.def)             Requested size: 85.35826pt x 41.87413pt.
<chapters/Chapter_9/ext_figure/medicine.png, id=1099, 102.1416pt x 50.1072pt>
File: chapters/Chapter_9/ext_figure/medicine.png Graphic file (type png)
<use chapters/Chapter_9/ext_figure/medicine.png>
Package pdftex.def Info: chapters/Chapter_9/ext_figure/medicine.png  used on in
put line 1976.
(pdftex.def)             Requested size: 85.35826pt x 41.87413pt.
 [56 <./chapters/Chapter_9/ext_figure/placebo.png> <./chapters/Chapter_9/ext_fi
gure/medicine.png>] [57] [58] [59] [60]
\openout7 = `Master.exc.tex'.

 (./Master.exc.tex)
\openout7 = `Master.exc.tex'.

 (./Master.exc.tex)
\openout7 = `Master.exc.tex'.

 (./Master.exc.tex)
\openout7 = `Master.exc.tex'.


(./Master.exc.tex)
\openout7 = `Master.exc.tex'.

 (./Master.exc.tex)
\openout7 = `Master.exc.tex'.

 (./Master.exc.tex)
\openout7 = `Master.exc.tex'.

 (./Master.exc.tex)
[61

] [62



]
chapter 6.
[63]
<figure/LBL4a-1.pdf, id=1160, 296.10625pt x 303.1325pt>
File: figure/LBL4a-1.pdf Graphic file (type pdf)
<use figure/LBL4a-1.pdf>
Package pdftex.def Info: figure/LBL4a-1.pdf  used on input line 2183.
(pdftex.def)             Requested size: 227.62204pt x 233.02884pt.
 [64 <./figure/LBL4a-1.pdf>]
<figure/LBL4b-1.pdf, id=1173, 296.10625pt x 303.1325pt>
File: figure/LBL4b-1.pdf Graphic file (type pdf)
<use figure/LBL4b-1.pdf>
Package pdftex.def Info: figure/LBL4b-1.pdf  used on input line 2218.
(pdftex.def)             Requested size: 227.62204pt x 233.02884pt.
 [65 <./figure/LBL4b-1.pdf>]
<figure/LBL4c1-1.pdf, id=1188, 296.10625pt x 303.1325pt>
File: figure/LBL4c1-1.pdf Graphic file (type pdf)
<use figure/LBL4c1-1.pdf>
Package pdftex.def Info: figure/LBL4c1-1.pdf  used on input line 2259.
(pdftex.def)             Requested size: 113.81102pt x 116.50978pt.
<figure/LBL4c2-1.pdf, id=1189, 296.10625pt x 303.1325pt>
File: figure/LBL4c2-1.pdf Graphic file (type pdf)
<use figure/LBL4c2-1.pdf>
Package pdftex.def Info: figure/LBL4c2-1.pdf  used on input line 2269.
(pdftex.def)             Requested size: 113.81102pt x 116.50978pt.
<figure/LBL4d1-1.pdf, id=1190, 296.10625pt x 303.1325pt>
File: figure/LBL4d1-1.pdf Graphic file (type pdf)
<use figure/LBL4d1-1.pdf>
Package pdftex.def Info: figure/LBL4d1-1.pdf  used on input line 2288.
(pdftex.def)             Requested size: 113.81102pt x 116.50978pt.
<figure/LBL4d2-1.pdf, id=1191, 296.10625pt x 303.1325pt>
File: figure/LBL4d2-1.pdf Graphic file (type pdf)
<use figure/LBL4d2-1.pdf>
Package pdftex.def Info: figure/LBL4d2-1.pdf  used on input line 2298.
(pdftex.def)             Requested size: 113.81102pt x 116.50978pt.
 [66 <./figure/LBL4c1-1.pdf> <./figure/LBL4c2-1.pdf>]
<figure/LBL4e-1.pdf, id=1213, 296.10625pt x 303.1325pt>
File: figure/LBL4e-1.pdf Graphic file (type pdf)
<use figure/LBL4e-1.pdf>
Package pdftex.def Info: figure/LBL4e-1.pdf  used on input line 2331.
(pdftex.def)             Requested size: 227.62204pt x 233.02884pt.
 [67 <./figure/LBL4d1-1.pdf> <./figure/LBL4d2-1.pdf>] [68 <./figure/LBL4e-1.pdf
>] [69]
\openout7 = `Master.exc.tex'.

 (./Master.exc.tex)
\openout7 = `Master.exc.tex'.

 (./Master.exc.tex)
\openout7 = `Master.exc.tex'.

(./Master.exc.tex)
\openout7 = `Master.exc.tex'.

 (./Master.exc.tex)
\openout7 = `Master.exc.tex'.

 (./Master.exc.tex)
\openout7 = `Master.exc.tex'.

 (./Master.exc.tex
[70

])
\openout7 = `Master.exc.tex'.

 (./Master.exc.tex) [71

] [72



]
chapter 7.
[73] [74] [75] [76]
<figure/LBL5b-1.pdf, id=1325, 296.10625pt x 303.1325pt>
File: figure/LBL5b-1.pdf Graphic file (type pdf)
<use figure/LBL5b-1.pdf>
Package pdftex.def Info: figure/LBL5b-1.pdf  used on input line 2716.
(pdftex.def)             Requested size: 312.9803pt x 320.41696pt.
<figure/LBL5c-1.pdf, id=1326, 296.10625pt x 303.1325pt>
File: figure/LBL5c-1.pdf Graphic file (type pdf)
<use figure/LBL5c-1.pdf>
Package pdftex.def Info: figure/LBL5c-1.pdf  used on input line 2730.
(pdftex.def)             Requested size: 312.9803pt x 320.41696pt.
<figure/LBL5d-1.pdf, id=1327, 296.10625pt x 303.1325pt>
File: figure/LBL5d-1.pdf Graphic file (type pdf)
<use figure/LBL5d-1.pdf>
Package pdftex.def Info: figure/LBL5d-1.pdf  used on input line 2747.
(pdftex.def)             Requested size: 312.9803pt x 320.41696pt.
 [77] [78 <./figure/LBL5b-1.pdf>] [79 <./figure/LBL5c-1.pdf>] [80 <./figure/LBL
5d-1.pdf>]
\openout7 = `Master.exc.tex'.

 (./Master.exc.tex)
\openout7 = `Master.exc.tex'.

 (./Master.exc.tex)
\openout7 = `Master.exc.tex'.


(./Master.exc.tex)
\openout7 = `Master.exc.tex'.

 (./Master.exc.tex)
\openout7 = `Master.exc.tex'.

 (./Master.exc.tex)
\openout7 = `Master.exc.tex'.

 (./Master.exc.tex)
\openout7 = `Master.exc.tex'.


(./Master.exc.tex [81

]) [82

]
chapter 8.
[83



] [84]
<figure/LBL6a-1.pdf, id=1415, 296.10625pt x 303.1325pt>
File: figure/LBL6a-1.pdf Graphic file (type pdf)
<use figure/LBL6a-1.pdf>
Package pdftex.def Info: figure/LBL6a-1.pdf  used on input line 3009.
(pdftex.def)             Requested size: 227.62204pt x 233.02884pt.
 [85] [86 <./figure/LBL6a-1.pdf>] [87] [88] [89]
\openout7 = `Master.exc.tex'.

 (./Master.exc.tex)
\openout7 = `Master.exc.tex'.


(./Master.exc.tex)
\openout7 = `Master.exc.tex'.

 (./Master.exc.tex)
\openout7 = `Master.exc.tex'.

 (./Master.exc.tex)
\openout7 = `Master.exc.tex'.

 (./Master.exc.tex)
\openout7 = `Master.exc.tex'.


(./Master.exc.tex [90

])
\openout7 = `Master.exc.tex'.

 (./Master.exc.tex) [91

] [92



]
chapter 9.
[93] [94] [95] [96] [97] [98] [99] [100] [101] [102] [103]
\openout7 = `Master.exc.tex'.

 (./Master.exc.tex)
\openout7 = `Master.exc.tex'.


(./Master.exc.tex [104

])
\openout7 = `Master.exc.tex'.

 (./Master.exc.tex)
\openout7 = `Master.exc.tex'.

 (./Master.exc.tex) [105] [106



]
chapter 10.
<figure/LBL10-1.pdf, id=1616, 296.10625pt x 303.1325pt>
File: figure/LBL10-1.pdf Graphic file (type pdf)
<use figure/LBL10-1.pdf>
Package pdftex.def Info: figure/LBL10-1.pdf  used on input line 3966.
(pdftex.def)             Requested size: 170.71652pt x 174.77162pt.
[107] [108 <./figure/LBL10-1.pdf>] [109] [110] [111]
\openout7 = `Master.exc.tex'.

 (./Master.exc.tex)
\openout7 = `Master.exc.tex'.


(./Master.exc.tex)
\openout7 = `Master.exc.tex'.

 (./Master.exc.tex)
\openout7 = `Master.exc.tex'.

 (./Master.exc.tex)
\openout7 = `Master.exc.tex'.

 (./Master.exc.tex
[112

])
\openout7 = `Master.exc.tex'.

 (./Master.exc.tex) [113

] [114



]
chapter 11.
<chapters/Chapter_11/ext_figure/x1.png, id=1703, 217.81375pt x 206.7725pt>
File: chapters/Chapter_11/ext_figure/x1.png Graphic file (type png)
<use chapters/Chapter_11/ext_figure/x1.png>
Package pdftex.def Info: chapters/Chapter_11/ext_figure/x1.png  used on input l
ine 4215.
(pdftex.def)             Requested size: 113.81102pt x 108.03975pt.
<chapters/Chapter_11/ext_figure/x2.png, id=1704, 223.83624pt x 208.78pt>
File: chapters/Chapter_11/ext_figure/x2.png Graphic file (type png)
<use chapters/Chapter_11/ext_figure/x2.png>
Package pdftex.def Info: chapters/Chapter_11/ext_figure/x2.png  used on input l
ine 4216.
(pdftex.def)             Requested size: 122.34692pt x 114.11891pt.
[115 <./chapters/Chapter_11/ext_figure/x1.png> <./chapters/Chapter_11/ext_figur
e/x2.png>] [116]
<chapters/Chapter_11/ext_figure/2sample.png, id=1718, 501.875pt x 133.49875pt>
File: chapters/Chapter_11/ext_figure/2sample.png Graphic file (type png)
<use chapters/Chapter_11/ext_figure/2sample.png>
Package pdftex.def Info: chapters/Chapter_11/ext_figure/2sample.png  used on in
put line 4264.
(pdftex.def)             Requested size: 256.0748pt x 68.11807pt.
 [117 <./chapters/Chapter_11/ext_figure/2sample.png>] [118]
[119] [120] [121] [122] [123]
\openout7 = `Master.exc.tex'.

 (./Master.exc.tex)
\openout7 = `Master.exc.tex'.

 (./Master.exc.tex)
\openout7 = `Master.exc.tex'.


(./Master.exc.tex)
\openout7 = `Master.exc.tex'.

 (./Master.exc.tex [124

])
\openout7 = `Master.exc.tex'.

 (./Master.exc.tex)
\openout7 = `Master.exc.tex'.


(./Master.exc.tex) [125] [126



]
chapter 12.
[127] [128] [129] [130]
\openout7 = `Master.exc.tex'.

 (./Master.exc.tex)
\openout7 = `Master.exc.tex'.

 (./Master.exc.tex)
\openout7 = `Master.exc.tex'.

 (./Master.exc.tex)
\openout7 = `Master.exc.tex'.

 (./Master.exc.tex)
\openout7 = `Master.exc.tex'.

 (./Master.exc.tex [131

]) [132

]
chapter 13.
<figure/LBL13a-1.pdf, id=1855, 296.10625pt x 303.1325pt>
File: figure/LBL13a-1.pdf Graphic file (type pdf)
<use figure/LBL13a-1.pdf>
Package pdftex.def Info: figure/LBL13a-1.pdf  used on input line 5423.
(pdftex.def)             Requested size: 227.62204pt x 233.02884pt.
[133



]
<figure/LBL13b-1.pdf, id=1861, 296.10625pt x 303.1325pt>
File: figure/LBL13b-1.pdf Graphic file (type pdf)
<use figure/LBL13b-1.pdf>
Package pdftex.def Info: figure/LBL13b-1.pdf  used on input line 5442.
(pdftex.def)             Requested size: 113.81102pt x 116.50978pt.
<figure/LBL13c-1.pdf, id=1862, 296.10625pt x 303.1325pt>
File: figure/LBL13c-1.pdf Graphic file (type pdf)
<use figure/LBL13c-1.pdf>
Package pdftex.def Info: figure/LBL13c-1.pdf  used on input line 5450.
(pdftex.def)             Requested size: 113.81102pt x 116.50978pt.
<figure/LBL13d-1.pdf, id=1863, 296.10625pt x 303.1325pt>
File: figure/LBL13d-1.pdf Graphic file (type pdf)
<use figure/LBL13d-1.pdf>
Package pdftex.def Info: figure/LBL13d-1.pdf  used on input line 5458.
(pdftex.def)             Requested size: 113.81102pt x 116.50978pt.
<figure/LBL13e-1.pdf, id=1864, 296.10625pt x 303.1325pt>
File: figure/LBL13e-1.pdf Graphic file (type pdf)
<use figure/LBL13e-1.pdf>
Package pdftex.def Info: figure/LBL13e-1.pdf  used on input line 5466.
(pdftex.def)             Requested size: 113.81102pt x 116.50978pt.
 [134] [135 <./figure/LBL13a-1.pdf>] [136] [137 <./figure/LBL13b-1.pdf> <./figu
re/LBL13c-1.pdf> <./figure/LBL13d-1.pdf> <./figure/LBL13e-1.pdf>]
\openout7 = `Master.exc.tex'.


(./Master.exc.tex)
\openout7 = `Master.exc.tex'.

 (./Master.exc.tex)
\openout7 = `Master.exc.tex'.

 (./Master.exc.tex)
\openout7 = `Master.exc.tex'.

 (./Master.exc.tex)
\openout7 = `Master.exc.tex'.


(./Master.exc.tex)
\openout7 = `Master.exc.tex'.

 (./Master.exc.tex) [138

]
chapter 14.
<figure/LBL14a-1.pdf, id=1937, 296.10625pt x 303.1325pt>
File: figure/LBL14a-1.pdf Graphic file (type pdf)
<use figure/LBL14a-1.pdf>
Package pdftex.def Info: figure/LBL14a-1.pdf  used on input line 5694.
(pdftex.def)             Requested size: 199.16928pt x 203.90254pt.
[139



]
<figure/LBL14b-1.pdf, id=1943, 296.10625pt x 303.1325pt>
File: figure/LBL14b-1.pdf Graphic file (type pdf)
<use figure/LBL14b-1.pdf>
Package pdftex.def Info: figure/LBL14b-1.pdf  used on input line 5716.
(pdftex.def)             Requested size: 227.62204pt x 233.02884pt.
 [140 <./figure/LBL14a-1.pdf>] [141 <./figure/LBL14b-1.pdf>] [142]
[143] (./Master.bbl [144]) (./Master.ind [145


] [146


] [147




])
Package atveryend Info: Empty hook `BeforeClearDocument' on input line 6812.
Package atveryend Info: Empty hook `AfterLastShipout' on input line 6812.
 (./Master.aux)
Package atveryend Info: Executing hook `AtVeryEndDocument' on input line 6812.
Package atveryend Info: Executing hook `AtEndAfterFileList' on input line 6812.

Package rerunfilecheck Info: File `Master.out' has not changed.
(rerunfilecheck)             Checksum: 2C9D2390E2BBEB1D427BA65FA6885ABD;8763.
Package atveryend Info: Empty hook `AtVeryVeryEnd' on input line 6812.
 ) 
Here is how much of TeX's memory you used:
 11662 strings out of 492649
 182082 string characters out of 6129622
 391030 words of memory out of 5000000
 14415 multiletter control sequences out of 15000+600000
 15519 words of font info for 60 fonts, out of 8000000 for 9000
 1141 hyphenation exceptions out of 8191
 41i,14n,66p,9177b,623s stack positions out of 5000i,500n,10000p,200000b,80000s
</usr/local/texlive/2018/texmf-dist/fonts/type1/public/amsfonts/cm/cmbx10.pfb
></usr/local/texlive/2018/texmf-dist/fonts/type1/public/amsfonts/cm/cmex10.pfb>
</usr/local/texlive/2018/texmf-dist/fonts/type1/public/amsfonts/cm/cmmi10.pfb><
/usr/local/texlive/2018/texmf-dist/fonts/type1/public/amsfonts/cm/cmmi6.pfb></u
sr/local/texlive/2018/texmf-dist/fonts/type1/public/amsfonts/cm/cmmi8.pfb></usr
/local/texlive/2018/texmf-dist/fonts/type1/public/amsfonts/cm/cmr10.pfb></usr/l
ocal/texlive/2018/texmf-dist/fonts/type1/public/amsfonts/cm/cmr12.pfb></usr/loc
al/texlive/2018/texmf-dist/fonts/type1/public/amsfonts/cm/cmr6.pfb></usr/local/
texlive/2018/texmf-dist/fonts/type1/public/amsfonts/cm/cmr8.pfb></usr/local/tex
live/2018/texmf-dist/fonts/type1/public/amsfonts/cm/cmsl10.pfb></usr/local/texl
ive/2018/texmf-dist/fonts/type1/public/amsfonts/cm/cmssbx10.pfb></usr/local/tex
live/2018/texmf-dist/fonts/type1/public/amsfonts/cm/cmsy10.pfb></usr/local/texl
ive/2018/texmf-dist/fonts/type1/public/amsfonts/cm/cmsy8.pfb></usr/local/texliv
e/2018/texmf-dist/fonts/type1/public/amsfonts/cm/cmti10.pfb></usr/local/texlive
/2018/texmf-dist/fonts/type1/public/amsfonts/cm/cmtt10.pfb></usr/local/texlive/
2018/texmf-dist/fonts/type1/public/amsfonts/cm/cmtt8.pfb>
Output written on Master.pdf (147 pages, 823206 bytes).
PDF statistics:
 2238 PDF objects out of 2487 (max. 8388607)
 1974 compressed objects within 20 object streams
 783 named destinations out of 1000 (max. 500000)
 1172 words of extra memory for PDF output out of 10000 (max. 10000000)

